生成启动时间为 2018/11/15 19:44:36。
     1>项目“D:\Desktopsoft\VC2010\workspace\ConvolutionComputer\ConvolutionComputer.vcxproj”在节点 2 上(build 个目标)。
     1>InitializeBuildStatus:
         正在创建“Debug\ConvolutionComputer.unsuccessfulbuild”，因为已指定“AlwaysCreate”。
       ClCompile:
         所有输出均为最新。
         D:\Desktopsoft\VC2010\VC\VC\bin\CL.exe /c /ZI /nologo /W3 /WX- /Od /Oy- /D WIN32 /D _DEBUG /D _CONSOLE /D _UNICODE /D UNICODE /Gm /EHsc /RTC1 /MDd /GS /fp:precise /Zc:wchar_t /Zc:forScope /Yu"StdAfx.h" /Fp"Debug\ConvolutionComputer.pch" /Fo"Debug\\" /Fd"Debug\vc100.pdb" /Gd /TP /analyze- /errorReport:prompt ConvolutionComputer.cpp
         ConvolutionComputer.cpp
     1>d:\desktopsoft\vc2010\workspace\convolutioncomputer\convolutioncomputer.cpp(70): warning C4101: “j”: 未引用的局部变量
     1>d:\desktopsoft\vc2010\workspace\convolutioncomputer\convolutioncomputer.cpp(138): warning C4244: “=”: 从“double”转换到“float”，可能丢失数据
     1>d:\desktopsoft\vc2010\workspace\convolutioncomputer\convolutioncomputer.cpp(156): warning C4244: “=”: 从“double”转换到“float”，可能丢失数据
     1>d:\desktopsoft\vc2010\workspace\convolutioncomputer\convolutioncomputer.cpp(259): warning C4244: “=”: 从“double”转换到“float”，可能丢失数据
       ManifestResourceCompile:
         所有输出均为最新。
       Link:
         D:\Desktopsoft\VC2010\VC\VC\bin\link.exe /ERRORREPORT:PROMPT /OUT:"D:\Desktopsoft\VC2010\workspace\ConvolutionComputer\Debug\ConvolutionComputer.exe" /INCREMENTAL /NOLOGO kernel32.lib user32.lib gdi32.lib winspool.lib comdlg32.lib advapi32.lib shell32.lib ole32.lib oleaut32.lib uuid.lib odbc32.lib odbccp32.lib /MANIFEST /ManifestFile:"Debug\ConvolutionComputer.exe.intermediate.manifest" /MANIFESTUAC:"level='asInvoker' uiAccess='false'" /DEBUG /PDB:"D:\Desktopsoft\VC2010\workspace\ConvolutionComputer\Debug\ConvolutionComputer.pdb" /SUBSYSTEM:CONSOLE /TLBID:1 /DYNAMICBASE /NXCOMPAT /IMPLIB:"D:\Desktopsoft\VC2010\workspace\ConvolutionComputer\Debug\ConvolutionComputer.lib" /MACHINE:X86 Debug\ConvolutionComputer.exe.embed.manifest.res
         Debug\ConvolutionComputer.obj
         Debug\main.obj
       Manifest:
         C:\Program Files (x86)\Microsoft SDKs\Windows\v7.0A\bin\mt.exe /nologo /verbose /out:"Debug\ConvolutionComputer.exe.embed.manifest" /manifest Debug\ConvolutionComputer.exe.intermediate.manifest
         所有输出均为最新。
       LinkEmbedManifest:
         所有输出均为最新。
         ConvolutionComputer.vcxproj -> D:\Desktopsoft\VC2010\workspace\ConvolutionComputer\Debug\ConvolutionComputer.exe
       FinalizeBuildStatus:
         正在删除文件“Debug\ConvolutionComputer.unsuccessfulbuild”。
         正在对“Debug\ConvolutionComputer.lastbuildstate”执行 Touch 任务。
     1>已完成生成项目“D:\Desktopsoft\VC2010\workspace\ConvolutionComputer\ConvolutionComputer.vcxproj”(build 个目标)的操作。

生成成功。

已用时间 00:00:03.74
