生成启动时间为 2018/12/3 22:50:49。
     1>项目“D:\Desktopsoft\VC2010\workspace\IHS遥感图像融合\IHS遥感图像融合.vcxproj”在节点 2 上(build 个目标)。
     1>InitializeBuildStatus:
         正在创建“Release\IHS遥感图像融合.unsuccessfulbuild”，因为已指定“AlwaysCreate”。
       ClCompile:
         所有输出均为最新。
         D:\Desktopsoft\VC2010\VC\VC\bin\CL.exe /c /Zi /nologo /W3 /WX- /O2 /Oi /Oy- /GL /D WIN32 /D NDEBUG /D _CONSOLE /D _UNICODE /D UNICODE /Gm- /EHsc /MD /GS /Gy /fp:precise /Zc:wchar_t /Zc:forScope /Yu"StdAfx.h" /Fp"Release\IHS遥感图像融合.pch" /Fo"Release\\" /Fd"Release\vc100.pdb" /Gd /TP /analyze- /errorReport:prompt "IHS遥感图像融合.cpp"
         IHS遥感图像融合.cpp
     1>IHS遥感图像融合.cpp(72): warning C4244: “=”: 从“double”转换到“float”，可能丢失数据
     1>IHS遥感图像融合.cpp(73): warning C4244: “=”: 从“double”转换到“float”，可能丢失数据
     1>IHS遥感图像融合.cpp(77): warning C4244: “=”: 从“double”转换到“float”，可能丢失数据
     1>IHS遥感图像融合.cpp(78): warning C4244: “=”: 从“double”转换到“float”，可能丢失数据
     1>IHS遥感图像融合.cpp(79): warning C4244: “=”: 从“double”转换到“float”，可能丢失数据
     1>IHS遥感图像融合.cpp(30): warning C4101: “bandI”: 未引用的局部变量
       Link:
         D:\Desktopsoft\VC2010\VC\VC\bin\link.exe /ERRORREPORT:PROMPT /OUT:"D:\Desktopsoft\VC2010\workspace\IHS遥感图像融合\Release\IHS遥感图像融合.exe" /INCREMENTAL:NO /NOLOGO kernel32.lib user32.lib gdi32.lib winspool.lib comdlg32.lib advapi32.lib shell32.lib ole32.lib oleaut32.lib uuid.lib odbc32.lib odbccp32.lib /MANIFEST /ManifestFile:"Release\IHS遥感图像融合.exe.intermediate.manifest" /MANIFESTUAC:"level='asInvoker' uiAccess='false'" /DEBUG /PDB:"D:\Desktopsoft\VC2010\workspace\IHS遥感图像融合\Release\IHS遥感图像融合.pdb" /SUBSYSTEM:CONSOLE /OPT:REF /OPT:ICF /LTCG /TLBID:1 /DYNAMICBASE /NXCOMPAT /IMPLIB:"D:\Desktopsoft\VC2010\workspace\IHS遥感图像融合\Release\IHS遥感图像融合.lib" /MACHINE:X86 "Release\IHS遥感图像融合.obj"
         Release\main.obj
            正在创建库 D:\Desktopsoft\VC2010\workspace\IHS遥感图像融合\Release\IHS遥感图像融合.lib 和对象 D:\Desktopsoft\VC2010\workspace\IHS遥感图像融合\Release\IHS遥感图像融合.exp
     1>LINK : warning LNK4232: 名称 IHS遥感图像融合.exe 包含非 ASCII 字符，在具有除 936 以外的 ANSI 代码页的系统上可能不能加载 DLL
         正在生成代码
         已完成代码的生成
         IHS遥感图像融合.vcxproj -> D:\Desktopsoft\VC2010\workspace\IHS遥感图像融合\Release\IHS遥感图像融合.exe
       Manifest:
         C:\Program Files (x86)\Microsoft SDKs\Windows\v7.0A\bin\mt.exe /nologo /verbose /outputresource:"D:\Desktopsoft\VC2010\workspace\IHS遥感图像融合\Release\IHS遥感图像融合.exe;#1" /manifest "Release\IHS遥感图像融合.exe.intermediate.manifest"
       FinalizeBuildStatus:
         正在删除文件“Release\IHS遥感图像融合.unsuccessfulbuild”。
         正在对“Release\IHS遥感图像融合.lastbuildstate”执行 Touch 任务。
     1>已完成生成项目“D:\Desktopsoft\VC2010\workspace\IHS遥感图像融合\IHS遥感图像融合.vcxproj”(build 个目标)的操作。

生成成功。

已用时间 00:00:06.44
