生成启动时间为 2019/1/5 0:02:59。
     1>项目“C:\Users\hd\Documents\Visual Studio 2010\Templates\ItemTemplates\遥感图像的分块处理\遥感图像的分块处理.vcxproj”在节点 2 上(build 个目标)。
     1>InitializeBuildStatus:
         正在创建“Release\遥感图像的分块处理.unsuccessfulbuild”，因为已指定“AlwaysCreate”。
       ClCompile:
         所有输出均为最新。
         D:\Desktopsoft\VC2010\VC\VC\bin\CL.exe /c /Zi /nologo /W3 /WX- /O2 /Oi /Oy- /GL /D WIN32 /D NDEBUG /D _CONSOLE /D _UNICODE /D UNICODE /Gm- /EHsc /MD /GS /Gy /fp:precise /Zc:wchar_t /Zc:forScope /Yu"StdAfx.h" /Fp"Release\遥感图像的分块处理.pch" /Fo"Release\\" /Fd"Release\vc100.pdb" /Gd /TP /analyze- /errorReport:prompt "遥感图像的分块处理.cpp"
         遥感图像的分块处理.cpp
     1>遥感图像的分块处理.cpp(88): warning C4244: “=”: 从“double”转换到“float”，可能丢失数据
     1>遥感图像的分块处理.cpp(89): warning C4244: “=”: 从“double”转换到“float”，可能丢失数据
     1>遥感图像的分块处理.cpp(93): warning C4244: “=”: 从“double”转换到“float”，可能丢失数据
     1>遥感图像的分块处理.cpp(94): warning C4244: “=”: 从“double”转换到“float”，可能丢失数据
     1>遥感图像的分块处理.cpp(95): warning C4244: “=”: 从“double”转换到“float”，可能丢失数据
     1>遥感图像的分块处理.cpp(32): warning C4101: “bandI”: 未引用的局部变量
       Link:
         D:\Desktopsoft\VC2010\VC\VC\bin\link.exe /ERRORREPORT:PROMPT /OUT:"C:\Users\hd\Documents\Visual Studio 2010\Templates\ItemTemplates\遥感图像的分块处理\Release\遥感图像的分块处理.exe" /INCREMENTAL:NO /NOLOGO kernel32.lib user32.lib gdi32.lib winspool.lib comdlg32.lib advapi32.lib shell32.lib ole32.lib oleaut32.lib uuid.lib odbc32.lib odbccp32.lib /MANIFEST /ManifestFile:"Release\遥感图像的分块处理.exe.intermediate.manifest" /MANIFESTUAC:"level='asInvoker' uiAccess='false'" /DEBUG /PDB:"C:\Users\hd\Documents\Visual Studio 2010\Templates\ItemTemplates\遥感图像的分块处理\Release\遥感图像的分块处理.pdb" /SUBSYSTEM:CONSOLE /OPT:REF /OPT:ICF /LTCG /TLBID:1 /DYNAMICBASE /NXCOMPAT /IMPLIB:"C:\Users\hd\Documents\Visual Studio 2010\Templates\ItemTemplates\遥感图像的分块处理\Release\遥感图像的分块处理.lib" /MACHINE:X86 Release\stdafx.obj
         "Release\遥感图像的分块处理.obj"
            正在创建库 C:\Users\hd\Documents\Visual Studio 2010\Templates\ItemTemplates\遥感图像的分块处理\Release\遥感图像的分块处理.lib 和对象 C:\Users\hd\Documents\Visual Studio 2010\Templates\ItemTemplates\遥感图像的分块处理\Release\遥感图像的分块处理.exp
     1>LINK : warning LNK4232: 名称 遥感图像的分块处理.exe 包含非 ASCII 字符，在具有除 936 以外的 ANSI 代码页的系统上可能不能加载 DLL
         正在生成代码
         已完成代码的生成
         遥感图像的分块处理.vcxproj -> C:\Users\hd\Documents\Visual Studio 2010\Templates\ItemTemplates\遥感图像的分块处理\Release\遥感图像的分块处理.exe
       Manifest:
         C:\Program Files (x86)\Microsoft SDKs\Windows\v7.0A\bin\mt.exe /nologo /verbose /outputresource:"C:\Users\hd\Documents\Visual Studio 2010\Templates\ItemTemplates\遥感图像的分块处理\Release\遥感图像的分块处理.exe;#1" /manifest "Release\遥感图像的分块处理.exe.intermediate.manifest"
       FinalizeBuildStatus:
         正在删除文件“Release\遥感图像的分块处理.unsuccessfulbuild”。
         正在对“Release\遥感图像的分块处理.lastbuildstate”执行 Touch 任务。
     1>已完成生成项目“C:\Users\hd\Documents\Visual Studio 2010\Templates\ItemTemplates\遥感图像的分块处理\遥感图像的分块处理.vcxproj”(build 个目标)的操作。

生成成功。

已用时间 00:00:03.63
